Running from: C:\Users\wolvo\AppData\Roaming\SpaceEngineers\Mods\Anomaly_Solaris_Hypernautics_S5Dev-main\Models 
Command: C:\Users\wolvo\OneDrive\Desktop\SEUT text\Tools\MWMBuilder\MwmBuilder.exe /f /s:C:\Users\wolvo\AppData\Roaming\SpaceEngineers\Mods\Anomaly_Solaris_Hypernautics_S5Dev-main\Models /m:AugerS3_Beam_Azimuth*.fbx /o:C:\Users\wolvo\AppData\Roaming\SpaceEngineers\Mods\Anomaly_Solaris_Hypernautics_S5Dev-main\Models /x:C:\Users\wolvo\OneDrive\Desktop\SEUT text\Materials 
C:\Users\wolvo\OneDrive\Desktop\SEUT text\Materials\Armors.xml: 
    Materialslib
C:\Users\wolvo\OneDrive\Desktop\SEUT text\Materials\Character.xml: 
    Materialslib
C:\Users\wolvo\OneDrive\Desktop\SEUT text\Materials\enenra.xml: 
    Materialslib
C:\Users\wolvo\OneDrive\Desktop\SEUT text\Materials\Foliage.xml: 
    Materialslib
C:\Users\wolvo\OneDrive\Desktop\SEUT text\Materials\Items.xml: 
    Materialslib
C:\Users\wolvo\OneDrive\Desktop\SEUT text\Materials\LODs.xml: 
    Materialslib
C:\Users\wolvo\OneDrive\Desktop\SEUT text\Materials\Materials.xml: 
    Materialslib
C:\Users\wolvo\OneDrive\Desktop\SEUT text\Materials\PlayerItems.xml: 
    Materialslib
C:\Users\wolvo\OneDrive\Desktop\SEUT text\Materials\Voxels.xml: 
    Materialslib
Material Libraries: 
    Material libraries were successfully loaded from path: C:\Users\wolvo\OneDrive\Desktop\SEUT text\Materials
: 
    **FileName: C:\Users\wolvo\AppData\Roaming\SpaceEngineers\Mods\Anomaly_Solaris_Hypernautics_S5Dev-main\Models\AugerS3_Beam_Azimuth.fbx
: 
    **Filename (without extension): AugerS3_Beam_Azimuth
: 
    **Directory Name: C:\Users\wolvo\AppData\Roaming\SpaceEngineers\Mods\Anomaly_Solaris_Hypernautics_S5Dev-main\Models
: 
    **Number of characters to cull: 91
: 
    **Culled Path: Models
Meshes: 
    Found 2 meshe(s).
Animations: 
    Found 0 animation(s).
C:\Users\wolvo\AppData\Roaming\SpaceEngineers\Mods\Anomaly_Solaris_Hypernautics_S5Dev-main\Models\AugerS3_Beam_Azimuth.fbx: WARNING: 
    Material: Metal_Dull is already defined in the processor. Not adding it again..
C:\Users\wolvo\AppData\Roaming\SpaceEngineers\Mods\Anomaly_Solaris_Hypernautics_S5Dev-main\Models\AugerS3_Beam_Azimuth.fbx: WARNING: 
    Material: Atlas1 is already defined in the processor. Not adding it again..
C:\Users\wolvo\AppData\Roaming\SpaceEngineers\Mods\Anomaly_Solaris_Hypernautics_S5Dev-main\Models\AugerS3_Beam_Azimuth.fbx: 
    : Finished in 2.0s
